Arguments: 
  /usr/local/bin/node /usr/local/bin/yarn add apollo-link --peer

PATH: 
  /home/mostafa/bin:/home/mostafa/.local/bin:/home/mostafa/bin:/home/mostafa/.local/bin:/usr/local/sbin:/usr/local/bin:/usr/sbin:/usr/bin:/sbin:/bin:/usr/games:/usr/local/games:/snap/bin:/home/mostafa/Android/Sdk/tools:/home/mostafa/Android/Sdk/platform-tools:/snap/bin:/home/mostafa/Android/Sdk/tools:/home/mostafa/Android/Sdk/platform-tools

Yarn version: 
  1.7.0

Node version: 
  10.4.1

Platform: 
  linux x64

Trace: 
  SyntaxError: /mnt/all/programming/nodejs/work/apollo-saga/package.json: Unexpected token } in JSON at position 470
      at JSON.parse (<anonymous>)
      at /usr/local/lib/node_modules/yarn/lib/cli.js:1130:59
      at Generator.next (<anonymous>)
      at step (/usr/local/lib/node_modules/yarn/lib/cli.js:98:30)
      at /usr/local/lib/node_modules/yarn/lib/cli.js:109:13

npm manifest: 
  {
    "name": "apollo-saga",
    "version": "1.0.0",
    "description": "library for handling side-effects for apollo mutations and queries",
    "main": "index.js",
    "repository": "https://github.com/shalkam/apollo-saga",
    "author": "Mostafa Sholkamy",
    "license": "MIT",
    "devDependencies": {
      "babel-core": "^6.26.3",
      "babel-loader": "^7.1.4",
      "babel-preset-env": "^1.7.0",
      "pubsub-js": "^1.6.0",
      "webpack": "^4.13.0",
      "webpack-cli": "^3.0.8"
    },
  }

yarn manifest: 
  No manifest

Lockfile: 
  # THIS IS AN AUTOGENERATED FILE. DO NOT EDIT THIS FILE DIRECTLY.
  # yarn lockfile v1
  
  
  "@types/graphql@0.12.6":
    version "0.12.6"
    resolved "https://registry.yarnpkg.com/@types/graphql/-/graphql-0.12.6.tgz#3d619198585fcabe5f4e1adfb5cf5f3388c66c13"
  
  apollo-link@^1.2.2:
    version "1.2.2"
    resolved "https://registry.yarnpkg.com/apollo-link/-/apollo-link-1.2.2.tgz#54c84199b18ac1af8d63553a68ca389c05217a03"
    dependencies:
      "@types/graphql" "0.12.6"
      apollo-utilities "^1.0.0"
      zen-observable-ts "^0.8.9"
  
  apollo-utilities@^1.0.0:
    version "1.0.16"
    resolved "https://registry.yarnpkg.com/apollo-utilities/-/apollo-utilities-1.0.16.tgz#787310df4c3900a68c0beb3d351c59725a588cdb"
    dependencies:
      fast-json-stable-stringify "^2.0.0"
  
  fast-json-stable-stringify@^2.0.0:
    version "2.0.0"
    resolved "https://registry.yarnpkg.com/fast-json-stable-stringify/-/fast-json-stable-stringify-2.0.0.tgz#d5142c0caee6b1189f87d3a76111064f86c8bbf2"
  
  pubsub-js@^1.6.0:
    version "1.6.0"
    resolved "https://registry.yarnpkg.com/pubsub-js/-/pubsub-js-1.6.0.tgz#232d36485ce7905a54629ec5783d9f6f4c638026"
  
  zen-observable-ts@^0.8.9:
    version "0.8.9"
    resolved "https://registry.yarnpkg.com/zen-observable-ts/-/zen-observable-ts-0.8.9.tgz#d3c97af08c0afdca37ebcadf7cc3ee96bda9bab1"
    dependencies:
      zen-observable "^0.8.0"
  
  zen-observable@^0.8.0:
    version "0.8.8"
    resolved "https://registry.yarnpkg.com/zen-observable/-/zen-observable-0.8.8.tgz#1ea93995bf098754a58215a1e0a7309e5749ec42"
